<?xml version="1.0" encoding="UTF-8"?>
<testng-results ignored="0" total="1" passed="1" failed="0" skipped="0">
  <reporter-output>
  </reporter-output>
  <suite started-at="2022-08-14T19:16:11 IST" name="Surefire suite" finished-at="2022-08-14T19:16:41 IST" duration-ms="30351">
    <groups>
    </groups>
    <test started-at="2022-08-14T19:16:11 IST" name="Surefire test" finished-at="2022-08-14T19:16:41 IST" duration-ms="30351">
      <class name="com.singtel.automation.test.testcases.testng.BaseTest">
        <test-method is-config="true" signature="createReport()[pri:0, instance:com.singtel.automation.test.testcases.testng.BaseTest@4b34fff9]" started-at="2022-08-14T19:16:11 IST" name="createReport" finished-at="2022-08-14T19:16:11 IST" duration-ms="16" status="PASS">
          <reporter-output>
          </reporter-output>
        </test-method> <!-- createReport -->
        <test-method is-config="true" signature="closeDrvierAndBrowser()[pri:0, instance:com.singtel.automation.test.testcases.testng.BaseTest@4b34fff9]" started-at="2022-08-14T19:16:41 IST" name="closeDrvierAndBrowser" finished-at="2022-08-14T19:16:41 IST" duration-ms="0" status="PASS">
          <reporter-output>
          </reporter-output>
        </test-method> <!-- closeDrvierAndBrowser -->
      </class> <!-- com.singtel.automation.test.testcases.testng.BaseTest -->
      <class name="com.singtel.automation.test.testcases.cucumber.TestRunner">
        <test-method is-config="true" signature="initialize()[pri:0, instance:com.singtel.automation.test.testcases.cucumber.TestRunner@1187c9e8]" started-at="2022-08-14T19:16:11 IST" name="initialize" finished-at="2022-08-14T19:16:11 IST" duration-ms="531" status="PASS">
          <reporter-output>
          </reporter-output>
        </test-method> <!-- initialize -->
        <test-method signature="parallelRun()[pri:0, instance:com.singtel.automation.test.testcases.cucumber.TestRunner@1187c9e8]" started-at="2022-08-14T19:16:12 IST" name="parallelRun" finished-at="2022-08-14T19:16:41 IST" duration-ms="29726" status="PASS">
          <reporter-output>
          </reporter-output>
        </test-method> <!-- parallelRun -->
      </class> <!-- com.singtel.automation.test.testcases.cucumber.TestRunner -->
    </test> <!-- Surefire test -->
  </suite> <!-- Surefire suite -->
</testng-results>
